2025-03-10 09:20:50,962 [INFO] Activator:176 - 


2025-03-10 09:20:50,964 [INFO] Activator:177 - !SESSION log4j initialized
2025-03-10 09:20:54,552 [INFO] LogOutputStream:77 - [STDOUT_REDIRECT] 
2025-03-10 09:21:02,786 [INFO] ApplicationProperties:184 - Using Application install path: C:\ST\STM32CubeIDE_1.18.0\STM32CubeIDE\plugins\com.st.stm32cube.common.mx_6.14.0.202502271554
2025-03-10 09:21:02,803 [INFO] DbMcusXml:78 - Set database path to: C:\ST\STM32CubeIDE_1.18.0\STM32CubeIDE\plugins\com.st.stm32cube.common.mx_6.14.0.202502271554\\db\/mcu/
2025-03-10 09:21:02,803 [INFO] ApiDb:274 - Set plugin database path to: C:\ST\STM32CubeIDE_1.18.0\STM32CubeIDE\plugins\com.st.stm32cube.common.mx_6.14.0.202502271554\\db\/plugins/boardmanager/
2025-03-10 09:21:02,804 [WARN] ApiDb:259 - Overriding images path with different value:  => C:\ST\STM32CubeIDE_1.18.0\STM32CubeIDE\plugins\com.st.stm32cube.common.mx_6.14.0.202502271554\\db\/plugins/mcufinder/images/
2025-03-10 09:21:02,811 [INFO] ApiDb:250 - Set database path to: C:\Users\luc4s\.stmcufinder\plugins\mcufinder//mcu/
2025-03-10 09:21:02,812 [INFO] DbMcusAds:125 - Set database path to: C:\Users\luc4s\.stmcufinder\plugins\mcufinder//mcu/
2025-03-10 09:21:02,814 [INFO] CrossReferenceDbSqlite:203 - Set database path to: C:\Users\luc4s\.stmcufinder\plugins\mcufinder//mcu/cs/
2025-03-10 09:21:02,974 [INFO] RulesReader:64 - Compatibility file has been processed (301 Rules)
2025-03-10 09:21:03,118 [INFO] DbMcusXml:78 - Set database path to: C:\ST\STM32CubeIDE_1.18.0\STM32CubeIDE\plugins\com.st.stm32cube.common.mx_6.14.0.202502271554\\db\/mcu/
2025-03-10 09:21:03,118 [INFO] ApiDb:274 - Set plugin database path to: C:\ST\STM32CubeIDE_1.18.0\STM32CubeIDE\plugins\com.st.stm32cube.common.mx_6.14.0.202502271554\\db\/plugins/boardmanager/
2025-03-10 09:21:03,118 [INFO] ApiDb:261 - Set plugin images path to: C:\ST\STM32CubeIDE_1.18.0\STM32CubeIDE\plugins\com.st.stm32cube.common.mx_6.14.0.202502271554\\db\/plugins/mcufinder/images/
2025-03-10 09:21:03,119 [WARN] DbFile:41 - Overriding database path with different value: C:\Users\luc4s\.stmcufinder\plugins\mcufinder/ => C:\Users\luc4s\.stmcufinder\plugins\mcufinder
2025-03-10 09:21:03,119 [INFO] ApiDb:250 - Set database path to: C:\Users\luc4s\.stmcufinder\plugins\mcufinder//mcu/
2025-03-10 09:21:03,119 [WARN] DbFile:41 - Overriding database path with different value: C:\Users\luc4s\.stmcufinder\plugins\mcufinder/ => C:\Users\luc4s\.stmcufinder\plugins\mcufinder
2025-03-10 09:21:03,119 [INFO] DbMcusAds:125 - Set database path to: C:\Users\luc4s\.stmcufinder\plugins\mcufinder//mcu/
2025-03-10 09:21:03,119 [WARN] DbFile:41 - Overriding database path with different value: C:\Users\luc4s\.stmcufinder\plugins\mcufinder/ => C:\Users\luc4s\.stmcufinder\plugins\mcufinder
2025-03-10 09:21:03,119 [WARN] DbFile:41 - Overriding database path with different value: C:\Users\luc4s\.stmcufinder\plugins\mcufinder/ => C:\Users\luc4s\.stmcufinder\plugins\mcufinder
2025-03-10 09:21:03,119 [INFO] CrossReferenceDbSqlite:203 - Set database path to: C:\Users\luc4s\.stmcufinder\plugins\mcufinder//mcu/cs/
2025-03-10 09:21:03,216 [INFO] MainPanel:272 - HeapMemory: 268435456
2025-03-10 09:21:03,328 [INFO] DbMcusXml:78 - Set database path to: C:\ST\STM32CubeIDE_1.18.0\STM32CubeIDE\plugins\com.st.stm32cube.common.mx_6.14.0.202502271554\\db\/mcu/
2025-03-10 09:21:03,328 [INFO] ApiDb:274 - Set plugin database path to: C:\ST\STM32CubeIDE_1.18.0\STM32CubeIDE\plugins\com.st.stm32cube.common.mx_6.14.0.202502271554\\db\/plugins/boardmanager/
2025-03-10 09:21:03,328 [INFO] ApiDb:261 - Set plugin images path to: C:\ST\STM32CubeIDE_1.18.0\STM32CubeIDE\plugins\com.st.stm32cube.common.mx_6.14.0.202502271554\\db\/plugins/mcufinder/images/
2025-03-10 09:21:03,329 [WARN] DbFile:41 - Overriding database path with different value: C:\Users\luc4s\.stmcufinder\plugins\mcufinder/ => C:\Users\luc4s\.stmcufinder\plugins\mcufinder
2025-03-10 09:21:03,329 [INFO] ApiDb:250 - Set database path to: C:\Users\luc4s\.stmcufinder\plugins\mcufinder//mcu/
2025-03-10 09:21:03,329 [WARN] DbFile:41 - Overriding database path with different value: C:\Users\luc4s\.stmcufinder\plugins\mcufinder/ => C:\Users\luc4s\.stmcufinder\plugins\mcufinder
2025-03-10 09:21:03,329 [INFO] DbMcusAds:125 - Set database path to: C:\Users\luc4s\.stmcufinder\plugins\mcufinder//mcu/
2025-03-10 09:21:03,329 [WARN] DbFile:41 - Overriding database path with different value: C:\Users\luc4s\.stmcufinder\plugins\mcufinder/ => C:\Users\luc4s\.stmcufinder\plugins\mcufinder
2025-03-10 09:21:03,330 [WARN] DbFile:41 - Overriding database path with different value: C:\Users\luc4s\.stmcufinder\plugins\mcufinder/ => C:\Users\luc4s\.stmcufinder\plugins\mcufinder
2025-03-10 09:21:03,330 [INFO] CrossReferenceDbSqlite:203 - Set database path to: C:\Users\luc4s\.stmcufinder\plugins\mcufinder//mcu/cs/
2025-03-10 09:21:03,355 [INFO] ApplicationProperties:184 - Using Application install path: C:\ST\STM32CubeIDE_1.18.0\STM32CubeIDE\plugins\com.st.stm32cube.common.mx_6.14.0.202502271554
2025-03-10 09:21:03,357 [INFO] PluginManage:196 - Search for loadable plugins [exclusion list=, ]
2025-03-10 09:21:03,358 [INFO] PluginManage:310 - Check plugin analytics
2025-03-10 09:21:08,569 [INFO] AnalyticsPlugin:253 - Accepted Software Licenses: 
2025-03-10 09:21:08,570 [INFO] AnalyticsPlugin:255 - Accepted CMSIS Pack Licenses: 
2025-03-10 09:21:08,570 [INFO] AnalyticsPlugin:257 - Accepted Firmware Licenses: 
2025-03-10 09:21:08,575 [INFO] PluginManage:359 - Loaded plugin analytics (category:tool,tabindex:-1)
2025-03-10 09:21:08,576 [INFO] PluginManage:310 - Check plugin cadmodel
2025-03-10 09:21:08,584 [INFO] CADModel:105 - Init CAD model plugin
2025-03-10 09:21:08,584 [INFO] PluginManage:359 - Loaded plugin cadmodel (category:power,tabindex:5)
2025-03-10 09:21:08,584 [INFO] PluginManage:310 - Check plugin clock
2025-03-10 09:21:08,596 [INFO] PluginManage:359 - Loaded plugin clock (category:base,tabindex:2)
2025-03-10 09:21:08,596 [INFO] PluginManage:310 - Check plugin ddr
2025-03-10 09:21:08,599 [INFO] PluginManage:359 - Loaded plugin ddr (category:tool,tabindex:6)
2025-03-10 09:21:08,600 [INFO] PluginManage:310 - Check plugin filemanager
2025-03-10 09:21:08,843 [INFO] PluginManage:359 - Loaded plugin filemanager (category:base,tabindex:10)
2025-03-10 09:21:08,843 [INFO] PluginManage:310 - Check plugin ipmanager
2025-03-10 09:21:08,855 [INFO] PluginManage:359 - Loaded plugin ipmanager (category:base,tabindex:5)
2025-03-10 09:21:08,855 [INFO] PluginManage:310 - Check plugin lpbam
2025-03-10 09:21:08,864 [INFO] PluginManage:359 - Loaded plugin lpbam (category:base,tabindex:0)
2025-03-10 09:21:08,865 [INFO] PluginManage:310 - Check plugin memorymap
2025-03-10 09:21:08,879 [INFO] PluginManage:359 - Loaded plugin memorymap (category:base,tabindex:4)
2025-03-10 09:21:08,880 [INFO] PluginManage:310 - Check plugin pinoutandconfiguration
2025-03-10 09:21:08,888 [INFO] PluginManage:359 - Loaded plugin pinoutandconfiguration (category:base,tabindex:1)
2025-03-10 09:21:08,888 [INFO] PluginManage:310 - Check plugin pinoutconfig
2025-03-10 09:21:08,996 [WARN] SupportedApi:132 - Cannot load RTOS API schema: s4s-elt-must-match.1: The content of 'definitions' must match (annotation?, (simpleType | complexType)?, (unique | key | keyref)*)). A problem was found starting at: attribute.
2025-03-10 09:21:09,153 [INFO] PluginManage:359 - Loaded plugin pinoutconfig (category:base,tabindex:0)
2025-03-10 09:21:09,153 [INFO] PluginManage:310 - Check plugin power
2025-03-10 09:21:09,164 [INFO] PluginManage:359 - Loaded plugin power (category:power,tabindex:4)
2025-03-10 09:21:09,164 [INFO] PluginManage:310 - Check plugin projectmanager
2025-03-10 09:21:09,186 [INFO] PluginManage:359 - Loaded plugin projectmanager (category:projectmanager,tabindex:4)
2025-03-10 09:21:09,186 [INFO] PluginManage:310 - Check plugin rif
2025-03-10 09:21:09,194 [INFO] PluginManage:359 - Loaded plugin rif (category:base,tabindex:3)
2025-03-10 09:21:09,194 [INFO] PluginManage:310 - Check plugin thirdparty
2025-03-10 09:21:09,372 [INFO] PluginManage:359 - Loaded plugin thirdparty (category:base,tabindex:-1)
2025-03-10 09:21:09,371 [WARN] IntegrityCheckThread:84 - waiting for thirdparty lock release [integrity check]
2025-03-10 09:21:09,372 [INFO] PluginManage:310 - Check plugin tools
2025-03-10 09:21:09,372 [INFO] IntegrityCheckThread:86 - entering critical section [integrity check]
2025-03-10 09:21:09,373 [INFO] ThirdPartyUpdaterWithRetryManager:70 - Updater plugin not ready yet. [1/15]
2025-03-10 09:21:09,377 [INFO] PluginManage:359 - Loaded plugin tools (category:base,tabindex:7)
2025-03-10 09:21:09,377 [INFO] PluginManage:310 - Check plugin tutovideos
2025-03-10 09:21:09,582 [INFO] PluginManage:359 - Loaded plugin tutovideos (category:base,tabindex:-1)
2025-03-10 09:21:09,582 [INFO] PluginManage:310 - Check plugin updater
2025-03-10 09:21:09,613 [INFO] PluginManage:359 - Loaded plugin updater (category:base,tabindex:12)
2025-03-10 09:21:09,613 [INFO] PluginManage:310 - Check plugin userauth
2025-03-10 09:21:09,617 [INFO] UserAuth:118 - Init User Auth plugin
2025-03-10 09:21:09,619 [INFO] PluginManage:359 - Loaded plugin userauth (category:base,tabindex:14)
2025-03-10 09:21:09,619 [INFO] PluginManage:283 - PluginManage : Loaded plugins [18]
2025-03-10 09:21:09,882 [INFO] PinOutPanel:1589 - setPackage(No Configuration,No Configuration)
2025-03-10 09:21:09,996 [INFO] CADModel:165 - CPN selected for project level
2025-03-10 09:21:09,996 [INFO] CADModel:114 - Register for checkConnection events
2025-03-10 09:21:10,014 [INFO] IPUIPlugin:80 - create IPUIPlugin
2025-03-10 09:21:10,014 [INFO] PluginManager:220 - loadIPPluginJar : add adc
2025-03-10 09:21:10,017 [INFO] IPUIPlugin:80 - create IPUIPlugin
2025-03-10 09:21:10,018 [INFO] PluginManager:220 - loadIPPluginJar : add aes
2025-03-10 09:21:10,021 [INFO] IPUIPlugin:80 - create IPUIPlugin
2025-03-10 09:21:10,022 [INFO] PluginManager:220 - loadIPPluginJar : add can
2025-03-10 09:21:10,024 [INFO] IPUIPlugin:80 - create IPUIPlugin
2025-03-10 09:21:10,024 [INFO] PluginManager:220 - loadIPPluginJar : add comp
2025-03-10 09:21:10,027 [INFO] IPUIPlugin:80 - create IPUIPlugin
2025-03-10 09:21:10,027 [INFO] PluginManager:220 - loadIPPluginJar : add cryp
2025-03-10 09:21:10,030 [INFO] IPUIPlugin:80 - create IPUIPlugin
2025-03-10 09:21:10,030 [INFO] PluginManager:220 - loadIPPluginJar : add ddr_ctrl_phy
2025-03-10 09:21:10,033 [INFO] IPUIPlugin:80 - create IPUIPlugin
2025-03-10 09:21:10,034 [INFO] PluginManager:220 - loadIPPluginJar : add dfsdm
2025-03-10 09:21:10,040 [INFO] IPUIPlugin:80 - create IPUIPlugin
2025-03-10 09:21:10,041 [INFO] PluginManager:220 - loadIPPluginJar : add dma
2025-03-10 09:21:10,045 [INFO] IPUIPlugin:80 - create IPUIPlugin
2025-03-10 09:21:10,045 [INFO] PluginManager:220 - loadIPPluginJar : add dma3
2025-03-10 09:21:10,048 [INFO] IPUIPlugin:80 - create IPUIPlugin
2025-03-10 09:21:10,048 [INFO] PluginManager:220 - loadIPPluginJar : add extmemmanager
2025-03-10 09:21:10,051 [INFO] IPUIPlugin:80 - create IPUIPlugin
2025-03-10 09:21:10,051 [INFO] PluginManager:220 - loadIPPluginJar : add fatfs
2025-03-10 09:21:10,057 [INFO] IPUIPlugin:80 - create IPUIPlugin
2025-03-10 09:21:10,057 [INFO] PluginManager:220 - loadIPPluginJar : add fmc
2025-03-10 09:21:10,064 [INFO] IPUIPlugin:80 - create IPUIPlugin
2025-03-10 09:21:10,064 [INFO] PluginManager:220 - loadIPPluginJar : add freertos
2025-03-10 09:21:10,066 [INFO] IPUIPlugin:80 - create IPUIPlugin
2025-03-10 09:21:10,066 [INFO] PluginManager:220 - loadIPPluginJar : add genericplugin
2025-03-10 09:21:10,069 [INFO] IPUIPlugin:80 - create IPUIPlugin
2025-03-10 09:21:10,070 [INFO] PluginManager:220 - loadIPPluginJar : add gfxmmu
2025-03-10 09:21:10,075 [INFO] IPUIPlugin:80 - create IPUIPlugin
2025-03-10 09:21:10,075 [INFO] PluginManager:220 - loadIPPluginJar : add gic
2025-03-10 09:21:10,080 [INFO] IPUIPlugin:80 - create IPUIPlugin
2025-03-10 09:21:10,080 [INFO] PluginManager:220 - loadIPPluginJar : add gpio
2025-03-10 09:21:10,083 [INFO] IPUIPlugin:80 - create IPUIPlugin
2025-03-10 09:21:10,083 [INFO] PluginManager:220 - loadIPPluginJar : add gtzc
2025-03-10 09:21:10,086 [INFO] IPUIPlugin:80 - create IPUIPlugin
2025-03-10 09:21:10,086 [INFO] PluginManager:220 - loadIPPluginJar : add hash
2025-03-10 09:21:10,090 [INFO] IPUIPlugin:80 - create IPUIPlugin
2025-03-10 09:21:10,090 [INFO] PluginManager:220 - loadIPPluginJar : add i2c
2025-03-10 09:21:10,092 [INFO] IPUIPlugin:80 - create IPUIPlugin
2025-03-10 09:21:10,092 [INFO] PluginManager:220 - loadIPPluginJar : add i2s
2025-03-10 09:21:10,095 [INFO] IPUIPlugin:80 - create IPUIPlugin
2025-03-10 09:21:10,096 [INFO] PluginManager:220 - loadIPPluginJar : add i3c
2025-03-10 09:21:10,099 [INFO] IPUIPlugin:80 - create IPUIPlugin
2025-03-10 09:21:10,100 [INFO] PluginManager:220 - loadIPPluginJar : add ipddr
2025-03-10 09:21:10,106 [INFO] IPUIPlugin:80 - create IPUIPlugin
2025-03-10 09:21:10,107 [INFO] PluginManager:220 - loadIPPluginJar : add linkedlist
2025-03-10 09:21:10,110 [INFO] IPUIPlugin:80 - create IPUIPlugin
2025-03-10 09:21:10,111 [INFO] PluginManager:220 - loadIPPluginJar : add lorawan
2025-03-10 09:21:10,113 [INFO] IPUIPlugin:80 - create IPUIPlugin
2025-03-10 09:21:10,113 [INFO] PluginManager:220 - loadIPPluginJar : add ltdc
2025-03-10 09:21:10,119 [INFO] IPUIPlugin:80 - create IPUIPlugin
2025-03-10 09:21:10,119 [INFO] PluginManager:220 - loadIPPluginJar : add mdma
2025-03-10 09:21:10,124 [INFO] IPUIPlugin:80 - create IPUIPlugin
2025-03-10 09:21:10,124 [INFO] PluginManager:220 - loadIPPluginJar : add nvic
2025-03-10 09:21:10,128 [INFO] IPUIPlugin:80 - create IPUIPlugin
2025-03-10 09:21:10,128 [INFO] PluginManager:220 - loadIPPluginJar : add opamp
2025-03-10 09:21:10,133 [INFO] IPUIPlugin:80 - create IPUIPlugin
2025-03-10 09:21:10,133 [INFO] PluginManager:220 - loadIPPluginJar : add openamp
2025-03-10 09:21:10,138 [INFO] IPUIPlugin:80 - create IPUIPlugin
2025-03-10 09:21:10,138 [INFO] PluginManager:220 - loadIPPluginJar : add pdm2pcm
2025-03-10 09:21:10,146 [INFO] IPUIPlugin:80 - create IPUIPlugin
2025-03-10 09:21:10,149 [INFO] PluginManager:220 - loadIPPluginJar : add plateformsettings
2025-03-10 09:21:10,151 [INFO] IPUIPlugin:80 - create IPUIPlugin
2025-03-10 09:21:10,151 [INFO] PluginManager:220 - loadIPPluginJar : add quadspi
2025-03-10 09:21:10,153 [INFO] IPUIPlugin:80 - create IPUIPlugin
2025-03-10 09:21:10,154 [INFO] PluginManager:220 - loadIPPluginJar : add radio
2025-03-10 09:21:10,158 [INFO] IPUIPlugin:80 - create IPUIPlugin
2025-03-10 09:21:10,158 [INFO] PluginManager:220 - loadIPPluginJar : add resmgrutility
2025-03-10 09:21:10,161 [INFO] IPUIPlugin:80 - create IPUIPlugin
2025-03-10 09:21:10,162 [INFO] PluginManager:220 - loadIPPluginJar : add sai
2025-03-10 09:21:10,166 [INFO] IPUIPlugin:80 - create IPUIPlugin
2025-03-10 09:21:10,166 [INFO] PluginManager:220 - loadIPPluginJar : add spi
2025-03-10 09:21:10,174 [INFO] IPUIPlugin:80 - create IPUIPlugin
2025-03-10 09:21:10,174 [INFO] PluginManager:220 - loadIPPluginJar : add stm32_wpan
2025-03-10 09:21:10,177 [INFO] IPUIPlugin:80 - create IPUIPlugin
2025-03-10 09:21:10,177 [INFO] PluginManager:220 - loadIPPluginJar : add tim
2025-03-10 09:21:10,181 [INFO] IPUIPlugin:80 - create IPUIPlugin
2025-03-10 09:21:10,181 [INFO] PluginManager:220 - loadIPPluginJar : add touchsensing
2025-03-10 09:21:10,183 [INFO] IPUIPlugin:80 - create IPUIPlugin
2025-03-10 09:21:10,183 [INFO] PluginManager:220 - loadIPPluginJar : add tracer_emb
2025-03-10 09:21:10,187 [INFO] IPUIPlugin:80 - create IPUIPlugin
2025-03-10 09:21:10,187 [INFO] PluginManager:220 - loadIPPluginJar : add ts
2025-03-10 09:21:10,189 [INFO] IPUIPlugin:80 - create IPUIPlugin
2025-03-10 09:21:10,189 [INFO] PluginManager:220 - loadIPPluginJar : add tsc
2025-03-10 09:21:10,191 [INFO] IPUIPlugin:80 - create IPUIPlugin
2025-03-10 09:21:10,191 [INFO] PluginManager:220 - loadIPPluginJar : add ucpd
2025-03-10 09:21:10,195 [INFO] IPUIPlugin:80 - create IPUIPlugin
2025-03-10 09:21:10,195 [INFO] PluginManager:220 - loadIPPluginJar : add usart
2025-03-10 09:21:10,199 [INFO] IPUIPlugin:80 - create IPUIPlugin
2025-03-10 09:21:10,199 [INFO] PluginManager:220 - loadIPPluginJar : add usbx
2025-03-10 09:21:10,343 [FATAL] Updater:351 - Updater called before beeing initialized
2025-03-10 09:21:10,377 [INFO] RulesReader:64 - Compatibility file has been processed (301 Rules)
2025-03-10 09:21:10,395 [INFO] RulesReader:64 - Compatibility file has been processed (301 Rules)
2025-03-10 09:21:10,409 [INFO] CADModel:165 - CPN selected for project level
2025-03-10 09:21:10,410 [INFO] CADModel:114 - Register for checkConnection events
2025-03-10 09:21:10,410 [FATAL] Updater:351 - Updater called before beeing initialized
2025-03-10 09:21:10,410 [ERROR] CADModel:125 - Updater not yet initialized, retry later 
2025-03-10 09:21:10,638 [FATAL] Updater:351 - Updater called before beeing initialized
2025-03-10 09:21:10,641 [INFO] CADModel:165 - CPN selected for project level
2025-03-10 09:21:10,641 [INFO] CADModel:114 - Register for checkConnection events
2025-03-10 09:21:10,641 [FATAL] Updater:351 - Updater called before beeing initialized
2025-03-10 09:21:10,641 [ERROR] CADModel:125 - Updater not yet initialized, retry later 
2025-03-10 09:21:10,647 [FATAL] Updater:351 - Updater called before beeing initialized
2025-03-10 09:21:10,827 [FATAL] Updater:351 - Updater called before beeing initialized
2025-03-10 09:21:10,834 [INFO] DbMcusAds:53 - JSON generation date=Thu Sep 30 08:55:09 CEST 2021 (1632984909247)
2025-03-10 09:21:10,834 [FATAL] Updater:351 - Updater called before beeing initialized
2025-03-10 09:21:10,883 [WARN] DetailPanel:346 - Failed to get advertising image, set to default
2025-03-10 09:21:11,237 [FATAL] Updater:351 - Updater called before beeing initialized
2025-03-10 09:21:11,240 [FATAL] Updater:351 - Updater called before beeing initialized
2025-03-10 09:21:11,240 [FATAL] Updater:351 - Updater called before beeing initialized
2025-03-10 09:21:11,240 [WARN] DetailPanel:346 - Failed to get advertising image, set to default
2025-03-10 09:21:11,242 [FATAL] Updater:351 - Updater called before beeing initialized
2025-03-10 09:21:11,316 [ERROR] Updater:1198 - MainUpdater not yet initialized. External WinMGr cannot be set.
2025-03-10 09:21:11,319 [INFO] Updater:1134 - Updater Version found : 6.14.0
2025-03-10 09:21:11,336 [INFO] ApplicationProperties:184 - Using Application install path: C:\ST\STM32CubeIDE_1.18.0\STM32CubeIDE\plugins\com.st.stm32cube.common.mx_6.14.0.202502271554
2025-03-10 09:21:12,374 [INFO] ThirdPartyUpdaterWithRetryManager:70 - Updater plugin not ready yet. [2/15]
2025-03-10 09:21:12,931 [ERROR] LogOutputStream:75 - [STDERR_REDIRECT] Mar 10, 2025 9:21:12 AM java.util.prefs.WindowsPreferences <init>
2025-03-10 09:21:12,932 [ERROR] LogOutputStream:75 - [STDERR_REDIRECT] WARNING: Could not open/create prefs root node Software\JavaSoft\Prefs at root 0xffffffff80000002. Windows RegCreateKeyEx(...) returned error code 5.
2025-03-10 09:21:12,932 [ERROR] LogOutputStream:75 - [STDERR_REDIRECT] 
2025-03-10 09:21:13,652 [INFO] MainUpdater:2872 - connection check result : 10
2025-03-10 09:21:13,653 [INFO] MainUpdater:289 - Updater Check For Update Now.
2025-03-10 09:21:13,653 [INFO] MicroXplorer:498 - Change Database Version : DB.6.0.140
2025-03-10 09:21:13,662 [INFO] McuFinderGlobals:63 - Set McuFinder mode to 2 (CubeIDE integrated)
2025-03-10 09:21:13,664 [INFO] UserAuth:486 - Internet connection configuration mode: 1
2025-03-10 09:21:13,690 [INFO] JxBrowserEngine:152 - Initiate JxBrowser Engine with user profile folder
2025-03-10 09:21:13,913 [INFO] CheckServerUpdateThread:120 - End of CheckServer Thread
2025-03-10 09:21:14,796 [INFO] WebApp:169 - Instantiating new browser for Auth
2025-03-10 09:21:15,878 [WARN] PackLoader:240 - Cannot read IP mode file for STMicroelectronics.FP-ATR-ASTRA1.2.0.2
2025-03-10 09:21:15,883 [INFO] WebApp:463 - Apply proxy settings
2025-03-10 09:21:15,883 [INFO] WebApp:548 - Chromium requires no authentication
2025-03-10 09:21:15,889 [WARN] PackLoader:240 - Cannot read IP mode file for STMicroelectronics.FP-ATR-ASTRA1.2.0.1
2025-03-10 09:21:15,913 [WARN] PackLoader:240 - Cannot read IP mode file for STMicroelectronics.X-CUBE-SMBUS.2.1.0
2025-03-10 09:21:15,917 [INFO] WebApp:491 - Direct internet connection detected
2025-03-10 09:21:15,943 [WARN] PackLoader:240 - Cannot read IP mode file for STMicroelectronics.X-CUBE-WB05N.1.1.0
2025-03-10 09:21:15,961 [WARN] PackLoader:240 - Cannot read IP mode file for STMicroelectronics.X-CUBE-TOUCHGFX.4.23.2
2025-03-10 09:21:16,023 [WARN] PackLoader:240 - Cannot read IP mode file for STMicroelectronics.X-CUBE-AZRTOS-F7.1.1.0
2025-03-10 09:21:16,039 [INFO] WebApp:894 - Register for checkConnection events
2025-03-10 09:21:16,039 [INFO] WebApp:463 - Apply proxy settings
2025-03-10 09:21:16,039 [INFO] WebApp:548 - Chromium requires no authentication
2025-03-10 09:21:16,040 [INFO] WebApp:491 - Direct internet connection detected
2025-03-10 09:21:16,128 [WARN] PackLoader:240 - Cannot read IP mode file for STMicroelectronics.X-CUBE-MEMS1.11.0.0
2025-03-10 09:21:16,248 [INFO] WebApp:191 - Connection restablished
2025-03-10 09:21:16,619 [WARN] PackLoader:240 - Cannot read IP mode file for STMicroelectronics.FP-SNS-FLIGHT1.5.0.2
2025-03-10 09:21:16,647 [WARN] PackLoader:240 - Cannot read IP mode file for STMicroelectronics.X-CUBE-DISPLAY.3.0.0
2025-03-10 09:21:16,688 [WARN] PackLoader:240 - Cannot read IP mode file for STMicroelectronics.X-CUBE-BLE1.7.0.0
2025-03-10 09:21:16,706 [WARN] PackLoader:240 - Cannot read IP mode file for STMicroelectronics.X-CUBE-NFC10.1.0.0
2025-03-10 09:21:16,728 [WARN] PackLoader:240 - Cannot read IP mode file for STMicroelectronics.X-CUBE-BLEMGR.4.0.0
2025-03-10 09:21:16,749 [WARN] PackLoader:240 - Cannot read IP mode file for emotas.I-CUBE-CANOPEN.1.3.0
2025-03-10 09:21:16,766 [WARN] PackLoader:240 - Cannot read IP mode file for STMicroelectronics.X-CUBE-BLEMGR.3.1.0
2025-03-10 09:21:16,782 [WARN] PackLoader:240 - Cannot read IP mode file for STMicroelectronics.X-CUBE-AI.10.0.0
2025-03-10 09:21:16,975 [WARN] PackLoader:240 - Cannot read IP mode file for STMicroelectronics.FP-SNS-SMARTAG2.1.2.0
2025-03-10 09:21:17,061 [WARN] PackLoader:240 - Cannot read IP mode file for STMicroelectronics.X-CUBE-MEMS1.11.1.0
2025-03-10 09:21:17,327 [INFO] LogOutputStream:77 - [STDOUT_REDIRECT] 1 : Invalid condition id : UX_CORESTACK_Condition cause : null
2025-03-10 09:21:17,329 [INFO] LogOutputStream:77 - [STDOUT_REDIRECT] 1 : Invalid condition id : UX_CORESTACK_Condition cause : null
2025-03-10 09:21:17,333 [INFO] LogOutputStream:77 - [STDOUT_REDIRECT] 1 : Invalid condition id : UX_CORESTACK_Condition cause : null
2025-03-10 09:21:17,335 [INFO] LogOutputStream:77 - [STDOUT_REDIRECT] 1 : Invalid condition id : UX_CORESTACK_Condition cause : null
2025-03-10 09:21:17,337 [INFO] LogOutputStream:77 - [STDOUT_REDIRECT] 1 : Invalid condition id : UX_CORESTACK_Condition cause : null
2025-03-10 09:21:17,341 [WARN] PackLoader:240 - Cannot read IP mode file for STMicroelectronics.X-CUBE-AZRTOS-WL.2.0.0
2025-03-10 09:21:17,349 [WARN] PackLoader:240 - Cannot read IP mode file for wolfSSL.I-CUBE-wolfMQTT.1.19.0
2025-03-10 09:21:17,367 [WARN] PackLoader:240 - Cannot read IP mode file for WES.I-CUBE-Cesium.1.3.0
2025-03-10 09:21:17,376 [WARN] PackLoader:240 - Cannot read IP mode file for STMicroelectronics.X-CUBE-BLE2.3.3.0
2025-03-10 09:21:17,386 [WARN] PackLoader:240 - Cannot read IP mode file for STMicroelectronics.X-CUBE-NFC9.1.0.0
2025-03-10 09:21:17,394 [WARN] PackLoader:240 - Cannot read IP mode file for STMicroelectronics.X-CUBE-BLE1.7.1.0
2025-03-10 09:21:17,403 [WARN] PackLoader:240 - Cannot read IP mode file for STMicroelectronics.X-CUBE-TCPP.4.1.0
2025-03-10 09:21:17,427 [WARN] PackLoader:240 - Cannot read IP mode file for STMicroelectronics.X-CUBE-AZRTOS-G0.1.1.0
2025-03-10 09:21:17,439 [WARN] PackLoader:240 - Cannot read IP mode file for STMicroelectronics.X-CUBE-SAFEA1.1.2.2
2025-03-10 09:21:17,448 [WARN] PackLoader:240 - Cannot read IP mode file for STMicroelectronics.X-CUBE-NFC4.3.0.0
2025-03-10 09:21:17,454 [WARN] PackLoader:240 - Cannot read IP mode file for wolfSSL.I-CUBE-wolfMQTT.1.18.0
2025-03-10 09:21:17,467 [WARN] PackLoader:240 - Cannot read IP mode file for EmbeddedOffice.I-CUBE-FS-RTOS.1.0.1
2025-03-10 09:21:17,475 [WARN] PackLoader:240 - Cannot read IP mode file for STMicroelectronics.X-CUBE-TCPP.4.2.0
2025-03-10 09:21:17,484 [WARN] PackLoader:240 - Cannot read IP mode file for RealThread.X-CUBE-RT-Thread_Nano.4.1.1
2025-03-10 09:21:17,490 [WARN] PackLoader:240 - Cannot read IP mode file for wolfSSL.I-CUBE-wolfSSL.5.7.0
2025-03-10 09:21:17,497 [WARN] PackLoader:240 - Cannot read IP mode file for STMicroelectronics.FP-ATR-SIGFOX1.3.2.0
2025-03-10 09:21:17,505 [WARN] ConditionMgr:438 - getConditionDescription Invalid condition id : Cortex-A Device cause : null
2025-03-10 09:21:17,521 [WARN] ConditionMgr:1044 - genDependencies : Invalid condition id : Cortex-A Device cause : null
2025-03-10 09:21:17,522 [WARN] ConditionMgr:1044 - genDependencies : Invalid condition id : Cortex-A Device cause : null
2025-03-10 09:21:17,522 [WARN] ConditionMgr:1044 - genDependencies : Invalid condition id : Cortex-A Device cause : null
2025-03-10 09:21:17,531 [WARN] PackLoader:240 - Cannot read IP mode file for STMicroelectronics.X-CUBE-EEPRMA1.5.1.0
2025-03-10 09:21:17,543 [WARN] PackLoader:240 - Cannot read IP mode file for ITTIA_DB.I-CUBE-ITTIADB.8.9.0
2025-03-10 09:21:17,610 [WARN] PackLoader:240 - Cannot read IP mode file for SEGGER.I-CUBE-embOS.1.3.1
2025-03-10 09:21:17,661 [WARN] PackLoader:240 - Cannot read IP mode file for STMicroelectronics.X-CUBE-ALGOBUILD.1.4.0
2025-03-10 09:21:17,666 [WARN] PackLoader:240 - Cannot read IP mode file for STMicroelectronics.X-CUBE-AI.9.1.0
2025-03-10 09:21:17,675 [WARN] PackLoader:240 - Cannot read IP mode file for STMicroelectronics.X-CUBE-GNSS1.6.0.0
2025-03-10 09:21:17,699 [WARN] PackLoader:240 - Cannot read IP mode file for STMicroelectronics.X-CUBE-AZRTOS-F4.1.1.0
2025-03-10 09:21:17,709 [WARN] PackLoader:240 - Cannot read IP mode file for STMicroelectronics.X-CUBE-ISPU.2.1.0
2025-03-10 09:21:17,717 [WARN] PackLoader:240 - Cannot read IP mode file for STMicroelectronics.X-CUBE-FREERTOS.1.2.0
2025-03-10 09:21:17,741 [WARN] PackLoader:240 - Cannot read IP mode file for STMicroelectronics.X-CUBE-AZRTOS-L5.2.0.0
2025-03-10 09:21:17,754 [WARN] PackLoader:240 - Cannot read IP mode file for STMicroelectronics.X-CUBE-NFC6.3.1.0
2025-03-10 09:21:17,765 [WARN] PackLoader:240 - Cannot read IP mode file for STMicroelectronics.X-CUBE-DPower.1.2.0
2025-03-10 09:21:17,771 [WARN] PackLoader:240 - Cannot read IP mode file for STMicroelectronics.X-CUBE-AI.9.0.0
2025-03-10 09:21:17,777 [WARN] PackLoader:240 - Cannot read IP mode file for STMicroelectronics.X-CUBE-FREERTOS.1.3.0
2025-03-10 09:21:17,785 [WARN] PackLoader:240 - Cannot read IP mode file for STMicroelectronics.X-CUBE-NFC7.1.0.1
2025-03-10 09:21:17,791 [WARN] PackLoader:240 - Cannot read IP mode file for wolfSSL.I-CUBE-wolfTPM.3.2.0
2025-03-10 09:21:17,814 [WARN] ConditionMgr:438 - getConditionDescription Invalid condition id : LAN8742 Phy interface Condition cause : null
2025-03-10 09:21:17,815 [WARN] PackLoader:240 - Cannot read IP mode file for STMicroelectronics.X-CUBE-AZRTOS-L4.2.0.0
2025-03-10 09:21:17,817 [WARN] ConditionMgr:1044 - genDependencies : Invalid condition id : LAN8742 Phy interface Condition cause : null
2025-03-10 09:21:17,817 [WARN] ConditionMgr:1044 - genDependencies : Invalid condition id : LAN8742 Phy interface Condition cause : null
2025-03-10 09:21:17,818 [WARN] ConditionMgr:1044 - genDependencies : Invalid condition id : LAN8742 Phy interface Condition cause : null
2025-03-10 09:21:17,828 [WARN] PackLoader:240 - Cannot read IP mode file for STMicroelectronics.X-CUBE-SFXS2LP1.4.0.0
2025-03-10 09:21:17,858 [WARN] PackLoader:240 - Cannot read IP mode file for STMicroelectronics.X-CUBE-AZRTOS-H7.3.3.0
2025-03-10 09:21:17,876 [WARN] PackLoader:240 - Cannot read IP mode file for STMicroelectronics.X-CUBE-IPS.3.0.0
2025-03-10 09:21:17,901 [WARN] ConditionMgr:438 - getConditionDescription Invalid condition id : UX DEVICE CLASS RTOS Condition cause : null
2025-03-10 09:21:17,901 [WARN] ConditionMgr:438 - getConditionDescription Invalid condition id : UX DEVICE CLASS RTOS Condition cause : null
2025-03-10 09:21:17,904 [WARN] PackLoader:240 - Cannot read IP mode file for STMicroelectronics.X-CUBE-AZRTOS-WB.2.0.0
2025-03-10 09:21:17,905 [WARN] ConditionMgr:1044 - genDependencies : Invalid condition id : UX DEVICE CLASS RTOS Condition cause : null
2025-03-10 09:21:17,905 [WARN] ConditionMgr:1044 - genDependencies : Invalid condition id : UX DEVICE CLASS RTOS Condition cause : null
2025-03-10 09:21:17,906 [WARN] ConditionMgr:1044 - genDependencies : Invalid condition id : UX DEVICE CLASS RTOS Condition cause : null
2025-03-10 09:21:17,906 [WARN] ConditionMgr:1044 - genDependencies : Invalid condition id : UX DEVICE CLASS RTOS Condition cause : null
2025-03-10 09:21:17,906 [WARN] ConditionMgr:1044 - genDependencies : Invalid condition id : UX DEVICE CLASS RTOS Condition cause : null
2025-03-10 09:21:17,915 [WARN] PackLoader:240 - Cannot read IP mode file for STMicroelectronics.X-CUBE-GNSS1.7.0.0
2025-03-10 09:21:17,923 [WARN] PackLoader:240 - Cannot read IP mode file for STMicroelectronics.X-CUBE-GNSS1.7.0.1
2025-03-10 09:21:17,929 [WARN] PackLoader:240 - Cannot read IP mode file for STMicroelectronics.X-CUBE-TOUCHGFX.4.25.0
2025-03-10 09:21:17,938 [WARN] PackLoader:240 - Cannot read IP mode file for STMicroelectronics.FP-SNS-STBOX1.2.0.0
2025-03-10 09:21:17,962 [WARN] PackLoader:240 - Cannot read IP mode file for STMicroelectronics.X-CUBE-SUBG2.5.0.0
2025-03-10 09:21:17,986 [WARN] PackLoader:240 - Cannot read IP mode file for STMicroelectronics.X-CUBE-AZRTOS-G4.2.0.0
2025-03-10 09:21:17,993 [WARN] PackLoader:240 - Cannot read IP mode file for STMicroelectronics.X-CUBE-ISPU.2.0.0
2025-03-10 09:21:18,010 [WARN] PackLoader:240 - Cannot read IP mode file for STMicroelectronics.X-CUBE-IPS.3.1.0
2025-03-10 09:21:18,024 [WARN] PackLoader:240 - Cannot read IP mode file for STMicroelectronics.X-CUBE-ALS.1.0.2
2025-03-10 09:21:18,074 [WARN] PackLoader:240 - Cannot read IP mode file for STMicroelectronics.X-CUBE-MEMS1.10.0.0
2025-03-10 09:21:18,228 [WARN] PackLoader:240 - Cannot read IP mode file for STMicroelectronics.X-CUBE-TOUCHGFX.4.24.0
2025-03-10 09:21:18,232 [WARN] PackLoader:240 - Cannot read IP mode file for STMicroelectronics.X-CUBE-TOUCHGFX.4.24.2
2025-03-10 09:21:18,236 [WARN] PackLoader:240 - Cannot read IP mode file for STMicroelectronics.X-CUBE-TOUCHGFX.4.24.1
2025-03-10 09:21:18,244 [WARN] PackLoader:240 - Cannot read IP mode file for portGmbH.I-Cube-SoM-uGOAL.1.1.0
2025-03-10 09:21:18,249 [WARN] PackLoader:240 - Cannot read IP mode file for STMicroelectronics.X-CUBE-ALS.1.0.1
2025-03-10 09:21:18,271 [WARN] PackLoader:240 - Cannot read IP mode file for STMicroelectronics.X-CUBE-AZRTOS-H7RS.1.0.0
2025-03-10 09:21:18,280 [WARN] PackLoader:240 - Cannot read IP mode file for STMicroelectronics.FP-ATR-ASTRA1.2.0.0
2025-03-10 09:21:18,303 [WARN] PackLoader:240 - Cannot read IP mode file for STMicroelectronics.X-CUBE-TOF1.3.4.2
2025-03-10 09:21:18,356 [WARN] PackLoader:240 - Cannot read IP mode file for STMicroelectronics.X-CUBE-TOF1.3.4.1
2025-03-10 09:21:18,412 [WARN] PackLoader:240 - Cannot read IP mode file for STMicroelectronics.X-CUBE-AZRTOS-H7.3.2.0
2025-03-10 09:21:18,437 [WARN] PackLoader:240 - Cannot read IP mode file for Infineon.AIROC-Wi-Fi-Bluetooth-STM32.1.6.0
2025-03-10 09:21:18,438 [INFO] WebApp:225 - Starting web application
2025-03-10 09:21:18,440 [INFO] WebApp:593 - Web application path used C:\ST\STM32CubeIDE_1.18.0\STM32CubeIDE\plugins\com.st.stm32cube.common.mx_6.14.0.202502271554\db\plugins\mcufinder\reactClient1\index.html
2025-03-10 09:21:18,465 [WARN] PackLoader:240 - Cannot read IP mode file for wolfSSL.I-CUBE-wolfSSH.1.4.17
2025-03-10 09:21:18,466 [INFO] ThirdParty:978 - Integrity check success = true
2025-03-10 09:21:18,467 [INFO] IntegrityCheckThread:100 - exiting critical section [integrity check]
2025-03-10 09:21:18,467 [INFO] IntegrityCheckThread:103 - End integrity checks thread
2025-03-10 09:21:18,787 [INFO] UserAuth:486 - Internet connection configuration mode: 1
2025-03-10 09:21:27,882 [ERROR] LogOutputStream:75 - [STDERR_REDIRECT] 
2025-03-10 09:21:27,885 [ERROR] LogOutputStream:75 - [STDERR_REDIRECT] 
